<?xml version="1.0" encoding="UTF-8"?>
<testng-results ignored="0" total="2" passed="2" failed="0" skipped="0">
  <reporter-output>
  </reporter-output>
  <suite started-at="2021-03-30T15:57:59 IST" name="Default suite" finished-at="2021-03-30T15:58:05 IST" duration-ms="6223">
    <groups>
    </groups>
    <test started-at="2021-03-30T15:57:59 IST" name="Default test" finished-at="2021-03-30T15:58:05 IST" duration-ms="6223">
      <class name="A">
        <test-method signature="validtest()[pri:0, instance:A@223f3642]" started-at="2021-03-30T15:57:59 IST" name="validtest" finished-at="2021-03-30T15:58:05 IST" duration-ms="6172" status="PASS">
          <reporter-output>
          </reporter-output>
        </test-method> <!-- validtest -->
        <test-method signature="errortest()[pri:1, instance:A@223f3642]" started-at="2021-03-30T15:58:05 IST" name="errortest" finished-at="2021-03-30T15:58:05 IST" duration-ms="1" status="PASS">
          <reporter-output>
          </reporter-output>
        </test-method> <!-- errortest -->
      </class> <!-- A -->
    </test> <!-- Default test -->
  </suite> <!-- Default suite -->
</testng-results>
